<?xml version="1.0" encoding="UTF-8"?>
<testng-results ignored="0" total="3" passed="3" failed="0" skipped="0">
  <reporter-output>
  </reporter-output>
  <suite started-at="2022-09-06T10:25:29 IST" name="Default suite" finished-at="2022-09-06T10:25:29 IST" duration-ms="66">
    <groups>
    </groups>
    <test started-at="2022-09-06T10:25:29 IST" name="Default test" finished-at="2022-09-06T10:25:29 IST" duration-ms="66">
      <class name="com.Loantestcase.CarLoan">
        <test-method is-config="true" signature="BeforeSuit()[pri:0, instance:com.Loantestcase.CarLoan@1356d4d4]" started-at="2022-09-06T10:25:29 IST" name="BeforeSuit" finished-at="2022-09-06T10:25:29 IST" duration-ms="10" status="PASS">
          <reporter-output>
          </reporter-output>
        </test-method> <!-- BeforeSuit -->
        <test-method is-config="true" signature="BeforeTest()[pri:0, instance:com.Loantestcase.CarLoan@1356d4d4]" started-at="2022-09-06T10:25:29 IST" name="BeforeTest" finished-at="2022-09-06T10:25:29 IST" duration-ms="1" status="PASS">
          <reporter-output>
          </reporter-output>
        </test-method> <!-- BeforeTest -->
        <test-method is-config="true" signature="beforeMethod()[pri:0, instance:com.Loantestcase.CarLoan@1356d4d4]" started-at="2022-09-06T10:25:29 IST" name="beforeMethod" finished-at="2022-09-06T10:25:29 IST" duration-ms="0" status="PASS">
          <reporter-output>
          </reporter-output>
        </test-method> <!-- beforeMethod -->
        <test-method signature="Apipage()[pri:0, instance:com.Loantestcase.CarLoan@1356d4d4]" started-at="2022-09-06T10:25:29 IST" name="Apipage" finished-at="2022-09-06T10:25:29 IST" duration-ms="9" status="PASS">
          <reporter-output>
          </reporter-output>
        </test-method> <!-- Apipage -->
        <test-method is-config="true" signature="afterMethod()[pri:0, instance:com.Loantestcase.CarLoan@1356d4d4]" started-at="2022-09-06T10:25:29 IST" name="afterMethod" finished-at="2022-09-06T10:25:29 IST" duration-ms="0" status="PASS">
          <reporter-output>
          </reporter-output>
        </test-method> <!-- afterMethod -->
        <test-method is-config="true" signature="beforeMethod()[pri:0, instance:com.Loantestcase.CarLoan@1356d4d4]" started-at="2022-09-06T10:25:29 IST" name="beforeMethod" finished-at="2022-09-06T10:25:29 IST" duration-ms="1" status="PASS">
          <reporter-output>
          </reporter-output>
        </test-method> <!-- beforeMethod -->
        <test-method signature="Mobpage()[pri:0, instance:com.Loantestcase.CarLoan@1356d4d4]" started-at="2022-09-06T10:25:29 IST" name="Mobpage" finished-at="2022-09-06T10:25:29 IST" duration-ms="2" status="PASS">
          <reporter-output>
          </reporter-output>
        </test-method> <!-- Mobpage -->
        <test-method is-config="true" signature="afterMethod()[pri:0, instance:com.Loantestcase.CarLoan@1356d4d4]" started-at="2022-09-06T10:25:29 IST" name="afterMethod" finished-at="2022-09-06T10:25:29 IST" duration-ms="0" status="PASS">
          <reporter-output>
          </reporter-output>
        </test-method> <!-- afterMethod -->
        <test-method signature="Webpage()[pri:0, instance:com.Loantestcase.CarLoan@1356d4d4]" started-at="2022-09-06T10:25:29 IST" name="Webpage" finished-at="2022-09-06T10:25:29 IST" duration-ms="2" status="PASS">
          <reporter-output>
          </reporter-output>
        </test-method> <!-- Webpage -->
        <test-method is-config="true" signature="beforeMethod()[pri:0, instance:com.Loantestcase.CarLoan@1356d4d4]" started-at="2022-09-06T10:25:29 IST" name="beforeMethod" finished-at="2022-09-06T10:25:29 IST" duration-ms="0" status="PASS">
          <reporter-output>
          </reporter-output>
        </test-method> <!-- beforeMethod -->
        <test-method is-config="true" signature="afterMethod()[pri:0, instance:com.Loantestcase.CarLoan@1356d4d4]" started-at="2022-09-06T10:25:29 IST" name="afterMethod" finished-at="2022-09-06T10:25:29 IST" duration-ms="0" status="PASS">
          <reporter-output>
          </reporter-output>
        </test-method> <!-- afterMethod -->
        <test-method is-config="true" signature="AfterTest()[pri:0, instance:com.Loantestcase.CarLoan@1356d4d4]" started-at="2022-09-06T10:25:29 IST" name="AfterTest" finished-at="2022-09-06T10:25:29 IST" duration-ms="0" status="PASS">
          <reporter-output>
          </reporter-output>
        </test-method> <!-- AfterTest -->
        <test-method is-config="true" signature="AfterSuite()[pri:0, instance:com.Loantestcase.CarLoan@1356d4d4]" started-at="2022-09-06T10:25:29 IST" name="AfterSuite" finished-at="2022-09-06T10:25:29 IST" duration-ms="1" status="PASS">
          <reporter-output>
          </reporter-output>
        </test-method> <!-- AfterSuite -->
      </class> <!-- com.Loantestcase.CarLoan -->
    </test> <!-- Default test -->
  </suite> <!-- Default suite -->
</testng-results>
