<?xml version="1.0" encoding="UTF-8"?>
<!-- Generated by org.testng.reporters.JUnitXMLReporter -->
<testsuite ignored="0" hostname="BCP-ATLT1263" failures="0" tests="3" name="Default test" time="0.066" errors="0" timestamp="2022-09-06T10:25:29 IST">
  <testcase classname="com.Loantestcase.CarLoan" name="Apipage" time="0.009"/>
  <testcase classname="com.Loantestcase.CarLoan" name="Mobpage" time="0.002"/>
  <testcase classname="com.Loantestcase.CarLoan" name="Webpage" time="0.002"/>
</testsuite> <!-- Default test -->
