<?xml version="1.0" encoding="UTF-8"?>
<!-- Generated by org.testng.reporters.JUnitXMLReporter -->
<testsuite ignored="0" hostname="BCP-ATLT1263" failures="0" tests="16" name="Test" time="0.103" errors="0" timestamp="2022-09-03T17:21:43 IST">
  <testcase classname="com.Loantestcase.EducationLoan" name="ApipageEducationLoan" time="0.007"/>
  <testcase classname="com.Loantestcase.EducationLoan" name="MobpageEducationLoan" time="0.001"/>
  <testcase classname="com.Loantestcase.EducationLoan" name="WebpageEducationLoan" time="0.008"/>
  <testcase classname="com.Loantestcase.CarLoan" name="Apipage" time="0.002"/>
  <testcase classname="com.Loantestcase.CarLoan" name="Mobpage" time="0.001"/>
  <testcase classname="com.Loantestcase.CarLoan" name="Webpage" time="0.002"/>
  <testcase classname="com.Loantestcase.PersonalLoan" name="ApipagePersonalLoan" time="0.001"/>
  <testcase classname="com.Loantestcase.PersonalLoan" name="MobpagePersonalLoan" time="0.001"/>
  <testcase classname="com.Loantestcase.PersonalLoan" name="WebpagePersonalLoan" time="0.002"/>
  <testcase classname="com.Loantestcase.PropertyLoan" name="ApipagePropertyLoan" time="0.002"/>
  <testcase classname="com.Loantestcase.PropertyLoan" name="MobpagePropertyLoan" time="0.001"/>
  <testcase classname="com.Loantestcase.PropertyLoan" name="WebpagePropertyLoan" time="0.002"/>
  <testcase classname="com.Loantestcase.HomeLoan" name="ApipageHomeLoan" time="0.001"/>
  <testcase classname="com.Loantestcase.HomeLoan" name="ztest" time="0.002"/>
  <testcase classname="com.Loantestcase.HomeLoan" name="WebpageHomeLoan" time="0.002"/>
  <testcase classname="com.Loantestcase.HomeLoan" name="Ytest" time="0.001"/>
</testsuite> <!-- Test -->
